Build started 10/26/2014 12:57:57 PM.
     1>Project "C:\Stephen-Russo-CS3113\Asteroids\NYUCodebase\NYUCodebase.vcxproj" on node 2 (Build target(s)).
     1>ClCompile:
         C:\Program Files (x86)\Microsoft Visual Studio 12.0\VC\bin\CL.exe /c /IC:\SDL2\include /IC:\SDL2_image\include /I"C:\SDL2_mixer-2.0.0\include" /ZI /nologo /W3 /WX- /sdl /Od /Oy- /D _MBCS /Gm /EHsc /RTC1 /MDd /GS /fp:precise /Zc:wchar_t /Zc:forScope /Fo"Debug\\" /Fd"Debug\vc120.pdb" /Gd /TP /analyze- /errorReport:prompt ClassDemoApp.cpp Entity.cpp Matrix.cpp main.cpp
         ClassDemoApp.cpp
     1>c:\stephen-russo-cs3113\asteroids\nyucodebase\classdemoapp.cpp(205): warning C4244: 'argument' : conversion from 'double' to 'float', possible loss of data
     1>c:\stephen-russo-cs3113\asteroids\nyucodebase\classdemoapp.cpp(206): warning C4244: 'argument' : conversion from 'double' to 'float', possible loss of data
     1>c:\stephen-russo-cs3113\asteroids\nyucodebase\classdemoapp.cpp(207): warning C4244: 'argument' : conversion from 'double' to 'float', possible loss of data
     1>c:\stephen-russo-cs3113\asteroids\nyucodebase\classdemoapp.cpp(208): warning C4244: 'argument' : conversion from 'double' to 'float', possible loss of data
     1>c:\stephen-russo-cs3113\asteroids\nyucodebase\classdemoapp.cpp(237): warning C4244: 'argument' : conversion from 'double' to 'float', possible loss of data
     1>c:\stephen-russo-cs3113\asteroids\nyucodebase\classdemoapp.cpp(238): warning C4244: 'argument' : conversion from 'double' to 'float', possible loss of data
     1>c:\stephen-russo-cs3113\asteroids\nyucodebase\classdemoapp.cpp(239): warning C4244: 'argument' : conversion from 'double' to 'float', possible loss of data
     1>c:\stephen-russo-cs3113\asteroids\nyucodebase\classdemoapp.cpp(240): warning C4244: 'argument' : conversion from 'double' to 'float', possible loss of data
         Generating Code...
         Skipping... (no relevant changes detected)
         main.cpp
         Matrix.cpp
         Entity.cpp
       Link:
         C:\Program Files (x86)\Microsoft Visual Studio 12.0\VC\bin\link.exe /ERRORREPORT:PROMPT /OUT:"C:\Stephen-Russo-CS3113\Asteroids\Debug\NYUCodebase.exe" /INCREMENTAL /NOLOGO /LIBPATH:C:\SDL2\lib\x86 /LIBPATH:C:\SDL2_image\lib\x86 /LIBPATH:"C:\SDL2_mixer-2.0.0\lib\x64" SDL2.lib SDL2main.lib SDL2_image.lib OpenGL32.lib SDL2_mixer.lib /MANIFEST /MANIFESTUAC:"level='asInvoker' uiAccess='false'" /manifest:embed /DEBUG /PDB:"C:\Stephen-Russo-CS3113\Asteroids\Debug\NYUCodebase.pdb" /SUBSYSTEM:WINDOWS /TLBID:1 /DYNAMICBASE /NXCOMPAT /IMPLIB:"C:\Stephen-Russo-CS3113\Asteroids\Debug\NYUCodebase.lib" /MACHINE:X86 Debug\ClassDemoApp.obj
         Debug\Entity.obj
         Debug\main.obj
         Debug\Matrix.obj
         Debug\Vector.obj
     1>MSVCRTD.lib(cinitexe.obj) : warning LNK4098: defaultlib 'msvcrt.lib' conflicts with use of other libs; use /NODEFAULTLIB:library
     1>ClassDemoApp.obj : error LNK2019: unresolved external symbol "public: __thiscall Vector::Vector(float,float,float)" (??0Vector@@QAE@MMM@Z) referenced in function "public: bool __thiscall ClassDemoApp::checkCollision(class Entity *,class Entity *)" (?checkCollision@ClassDemoApp@@QAE_NPAVEntity@@0@Z)
     1>ClassDemoApp.obj : error LNK2019: unresolved external symbol "public: class Vector __thiscall Matrix::operator*(class Vector const &)" (??DMatrix@@QAE?AVVector@@ABV1@@Z) referenced in function "public: bool __thiscall ClassDemoApp::checkCollision(class Entity *,class Entity *)" (?checkCollision@ClassDemoApp@@QAE_NPAVEntity@@0@Z)
     1>Entity.obj : error LNK2019: unresolved external symbol "public: __thiscall Matrix::Matrix(void)" (??0Matrix@@QAE@XZ) referenced in function "public: __thiscall Entity::Entity(void)" (??0Entity@@QAE@XZ)
     1>Matrix.obj : error LNK2001: unresolved external symbol "public: __thiscall Matrix::Matrix(void)" (??0Matrix@@QAE@XZ)
     1>C:\Stephen-Russo-CS3113\Asteroids\Debug\NYUCodebase.exe : fatal error LNK1120: 3 unresolved externals
     1>Done Building Project "C:\Stephen-Russo-CS3113\Asteroids\NYUCodebase\NYUCodebase.vcxproj" (Build target(s)) -- FAILED.

Build FAILED.

Time Elapsed 00:00:01.99
